Arguments: 
  /Users/ai/.nodebrew/node/v12.2.0/bin/node /usr/local/Cellar/yarn/1.22.4/libexec/bin/yarn.js global bin

PATH: 
  /Users/ai/.rbenv/shims:/Users/ai/.rbenv/bin:/usr/local/opt/openssl@1.1/bin:/Users/ai/.nodebrew/current/bin:/usr/local/opt/mysql@5.7/bin:/usr/local/bin:/usr/bin:/bin:/usr/sbin:/sbin:/Library/Apple/usr/bin:/Library/Frameworks/Mono.framework/Versions/Current/Commands:/Users/ai/.cargo/bin:/usr/local/opt/mysql@5.7/bin:/Users/ai/.anyenv/envs/nodenv/shims:/Users/ai/.anyenv/envs/nodenv/bin:/Users/ai/.anyenv/bin:/Users/ai/.rbenv/shims:/Users/ai/.rbenv/bin:/usr/local/opt/openssl@1.1/bin:/Users/ai/opt/anaconda3/bin:/Users/ai/opt/anaconda3/condabin:/Users/ai/.nodebrew/current/bin

Yarn version: 
  1.22.4

Node version: 
  12.2.0

Platform: 
  darwin x64

Trace: 
  SyntaxError: /Users/ai/develop/App/Markdown-React/package.json: Unexpected end of JSON input
      at JSON.parse (<anonymous>)
      at /usr/local/Cellar/yarn/1.22.4/libexec/lib/cli.js:1625:59
      at Generator.next (<anonymous>)
      at step (/usr/local/Cellar/yarn/1.22.4/libexec/lib/cli.js:310:30)
      at /usr/local/Cellar/yarn/1.22.4/libexec/lib/cli.js:321:13

npm manifest: 
  

yarn manifest: 
  No manifest

Lockfile: 
  No lockfile
